ninja: Entering directory `C:\Users\mikid\StudioProjects\NativeSparksApp\unityLibrary\.cxx\Debug\6q4v12r4\arm64-v8a'
[1/9] Building CXX object CMakeFiles/GameActivity.dir/GameActivity/UGADebug.cpp.o
[2/9] Building CXX object CMakeFiles/GameActivity.dir/GameActivity/UGAConfiguration.cpp.o
[3/9] Building CXX object CMakeFiles/GameActivity.dir/GameActivity/UGAInput.cpp.o
[4/9] Building CXX object CMakeFiles/GameActivity.dir/GameActivity/UGASoftKeyboard.cpp.o
[5/9] Building CXX object CMakeFiles/GameActivity.dir/GameActivity/UGAInputMotionEvent.cpp.o
[6/9] Building CXX object CMakeFiles/GameActivity.dir/GameActivity/UGAEntry.cpp.o
[7/9] Building CXX object CMakeFiles/GameActivity.dir/GameActivity/UGAInputKeyEvent.cpp.o
[8/9] Building CXX object CMakeFiles/GameActivity.dir/GameActivity/UGAApplication.cpp.o
FAILED: CMakeFiles/GameActivity.dir/GameActivity/UGAApplication.cpp.o 
C:\Users\mikid\AppData\Local\Android\Sdk\ndk\27.2.12479018\toolchains\llvm\prebuilt\windows-x86_64\bin\clang++.exe --target=aarch64-none-linux-android23 --sysroot=C:/Users/mikid/AppData/Local/Android/Sdk/ndk/27.2.12479018/toolchains/llvm/prebuilt/windows-x86_64/sysroot -DGameActivity_EXPORTS -IC:/Users/mikid/StudioProjects/NativeSparksApp/unityLibrary/src/main/cpp/GameActivity -isystem C:/Users/mikid/.gradle/caches/8.9/transforms/e223bce26b4cc2a807cbbca4896863a3/transformed/games-activity-3.0.5/prefab/modules/game-activity/include -g -DANDROID -fdata-sections -ffunction-sections -funwind-tables -fstack-protector-strong -no-canonical-prefixes -D_FORTIFY_SOURCE=2 -Wformat -Werror=format-security   -fno-limit-debug-info  -fPIC -MD -MT CMakeFiles/GameActivity.dir/GameActivity/UGAApplication.cpp.o -MF CMakeFiles\GameActivity.dir\GameActivity\UGAApplication.cpp.o.d -o CMakeFiles/GameActivity.dir/GameActivity/UGAApplication.cpp.o -c C:/Users/mikid/StudioProjects/NativeSparksApp/unityLibrary/src/main/cpp/GameActivity/UGAApplication.cpp
C:/Users/mikid/StudioProjects/NativeSparksApp/unityLibrary/src/main/cpp/GameActivity/UGAApplication.cpp:2:10: fatal error: 'UnityPrefix.h' file not found
    2 | #include "UnityPrefix.h"
      |          ^~~~~~~~~~~~~~~
1 error generated.
ninja: build stopped: subcommand failed.
